[0.000000] (-) TimerEvent: {}
[0.000169] (vision_3d_test) JobQueued: {'identifier': 'vision_3d_test', 'dependencies': OrderedDict()}
[0.000308] (vision_3d_test) JobStarted: {'identifier': 'vision_3d_test'}
[0.026022] (vision_3d_test) JobProgress: {'identifier': 'vision_3d_test', 'progress': 'cmake'}
[0.031846] (vision_3d_test) JobProgress: {'identifier': 'vision_3d_test', 'progress': 'build'}
[0.032898] (vision_3d_test) Command: {'cmd': ['/usr/bin/cmake', '--build', '/home/robohub/dev_ws/src/vision_3d_test/build/vision_3d_test', '--', '-j2', '-l2'], 'cwd': '/home/robohub/dev_ws/src/vision_3d_test/build/vision_3d_test', 'env': OrderedDict([('GJS_DEBUG_TOPICS', 'JS ERROR;JS LOG'), ('LESSOPEN', '| /usr/bin/lesspipe %s'), ('USER', 'robohub'), ('SSH_AGENT_PID', '1554'), ('XDG_SESSION_TYPE', 'x11'), ('GIT_ASKPASS', '/snap/code/57/usr/share/code/resources/app/extensions/git/dist/askpass.sh'), ('SHLVL', '1'), ('LD_LIBRARY_PATH', '/opt/ros/foxy/opt/yaml_cpp_vendor/lib:/opt/ros/foxy/opt/rviz_ogre_vendor/lib:/opt/ros/foxy/lib/x86_64-linux-gnu:/opt/ros/foxy/lib'), ('HOME', '/home/robohub'), ('CHROME_DESKTOP', 'code-url-handler.desktop'), ('TERM_PROGRAM_VERSION', '1.54.1'), ('DESKTOP_SESSION', 'ubuntu'), ('GIO_LAUNCHED_DESKTOP_FILE', '/var/lib/snapd/desktop/applications/code_code.desktop'), ('APPLICATION_INSIGHTS_NO_DIAGNOSTIC_CHANNEL', 'true'), ('ROS_PYTHON_VERSION', '3'), ('GNOME_SHELL_SESSION_MODE', 'ubuntu'), ('GTK_MODULES', 'gail:atk-bridge'), ('VSCODE_GIT_ASKPASS_MAIN', '/snap/code/57/usr/share/code/resources/app/extensions/git/dist/askpass-main.js'), ('VSCODE_GIT_ASKPASS_NODE', '/snap/code/57/usr/share/code/code'), ('MANAGERPID', '1378'), ('DBUS_SESSION_BUS_ADDRESS', 'unix:path=/run/user/1000/bus'), ('COLORTERM', 'truecolor'), ('GIO_LAUNCHED_DESKTOP_FILE_PID', '2484'), ('_colcon_cd_root', '/home/robohub/ros2_install'), ('IM_CONFIG_PHASE', '1'), ('ROS_DISTRO', 'foxy'), ('LOGNAME', 'robohub'), ('JOURNAL_STREAM', '8:49733'), ('_', '/usr/bin/colcon'), ('ROS_VERSION', '2'), ('XDG_SESSION_CLASS', 'user'), ('GIT_BRANCH', 'master'), ('USERNAME', 'robohub'), ('TERM', 'xterm-256color'), ('GNOME_DESKTOP_SESSION_ID', 'this-is-deprecated'), ('ROS_LOCALHOST_ONLY', '0'), ('WINDOWPATH', '2'), ('PATH', '/home/robohub/.local/bin:/opt/ros/foxy/bin:/home/robohub/.local/bin:/usr/local/sbin:/usr/local/bin:/usr/sbin:/usr/bin:/sbin:/bin:/usr/games:/usr/local/games:/snap/bin'), ('SESSION_MANAGER', 'local/ubuntu:@/tmp/.ICE-unix/1589,unix/ubuntu:/tmp/.ICE-unix/1589'), ('INVOCATION_ID', 'ee5126d193544a5c8081ff02799d977c'), ('XDG_MENU_PREFIX', 'gnome-'), ('BAMF_DESKTOP_FILE_HINT', '/var/lib/snapd/desktop/applications/code_code.desktop'), ('XDG_RUNTIME_DIR', '/run/user/1000'), ('DISPLAY', ':0'), ('LANG', 'en_US.UTF-8'), ('XDG_CURRENT_DESKTOP', 'Unity'), ('XMODIFIERS', '@im=ibus'), ('XDG_SESSION_DESKTOP', 'ubuntu'), ('XAUTHORITY', '/run/user/1000/gdm/Xauthority'), ('LS_COLORS', 'rs=0:di=01;34:ln=01;36:mh=00:pi=40;33:so=01;35:do=01;35:bd=40;33;01:cd=40;33;01:or=40;31;01:mi=00:su=37;41:sg=30;43:ca=30;41:tw=30;42:ow=34;42:st=37;44:ex=01;32:*.tar=01;31:*.tgz=01;31:*.arc=01;31:*.arj=01;31:*.taz=01;31:*.lha=01;31:*.lz4=01;31:*.lzh=01;31:*.lzma=01;31:*.tlz=01;31:*.txz=01;31:*.tzo=01;31:*.t7z=01;31:*.zip=01;31:*.z=01;31:*.dz=01;31:*.gz=01;31:*.lrz=01;31:*.lz=01;31:*.lzo=01;31:*.xz=01;31:*.zst=01;31:*.tzst=01;31:*.bz2=01;31:*.bz=01;31:*.tbz=01;31:*.tbz2=01;31:*.tz=01;31:*.deb=01;31:*.rpm=01;31:*.jar=01;31:*.war=01;31:*.ear=01;31:*.sar=01;31:*.rar=01;31:*.alz=01;31:*.ace=01;31:*.zoo=01;31:*.cpio=01;31:*.7z=01;31:*.rz=01;31:*.cab=01;31:*.wim=01;31:*.swm=01;31:*.dwm=01;31:*.esd=01;31:*.jpg=01;35:*.jpeg=01;35:*.mjpg=01;35:*.mjpeg=01;35:*.gif=01;35:*.bmp=01;35:*.pbm=01;35:*.pgm=01;35:*.ppm=01;35:*.tga=01;35:*.xbm=01;35:*.xpm=01;35:*.tif=01;35:*.tiff=01;35:*.png=01;35:*.svg=01;35:*.svgz=01;35:*.mng=01;35:*.pcx=01;35:*.mov=01;35:*.mpg=01;35:*.mpeg=01;35:*.m2v=01;35:*.mkv=01;35:*.webm=01;35:*.ogm=01;35:*.mp4=01;35:*.m4v=01;35:*.mp4v=01;35:*.vob=01;35:*.qt=01;35:*.nuv=01;35:*.wmv=01;35:*.asf=01;35:*.rm=01;35:*.rmvb=01;35:*.flc=01;35:*.avi=01;35:*.fli=01;35:*.flv=01;35:*.gl=01;35:*.dl=01;35:*.xcf=01;35:*.xwd=01;35:*.yuv=01;35:*.cgm=01;35:*.emf=01;35:*.ogv=01;35:*.ogx=01;35:*.aac=00;36:*.au=00;36:*.flac=00;36:*.m4a=00;36:*.mid=00;36:*.midi=00;36:*.mka=00;36:*.mp3=00;36:*.mpc=00;36:*.ogg=00;36:*.ra=00;36:*.wav=00;36:*.oga=00;36:*.opus=00;36:*.spx=00;36:*.xspf=00;36:'), ('VSCODE_GIT_IPC_HANDLE', '/run/user/1000/vscode-git-1fb999ea60.sock'), ('TERM_PROGRAM', 'vscode'), ('SSH_AUTH_SOCK', '/run/user/1000/keyring/ssh'), ('GSETTINGS_SCHEMA_DIR', '/snap/code/57/usr/share/glib-2.0/schemas'), ('AMENT_PREFIX_PATH', '/opt/ros/foxy'), ('ORIGINAL_XDG_CURRENT_DESKTOP', 'ubuntu:GNOME'), ('SHELL', '/bin/bash'), ('DISABLE_WAYLAND', '1'), ('QT_ACCESSIBILITY', '1'), ('GDMSESSION', 'ubuntu'), ('LESSCLOSE', '/usr/bin/lesspipe %s %s'), ('__GIT_PROMPT_SHOW_UNTRACKED_FILES', ''), ('GPG_AGENT_INFO', '/run/user/1000/gnupg/S.gpg-agent:0:1'), ('GJS_DEBUG_OUTPUT', 'stderr'), ('QT_IM_MODULE', 'ibus'), ('PWD', '/home/robohub/dev_ws/src/vision_3d_test/build/vision_3d_test'), ('LC_ALL', 'en_US.UTF-8'), ('XDG_CONFIG_DIRS', '/etc/xdg/xdg-ubuntu:/etc/xdg'), ('XDG_DATA_DIRS', '/usr/share/ubuntu:/usr/local/share/:/usr/share/:/var/lib/snapd/desktop'), ('PYTHONPATH', '/opt/ros/foxy/lib/python3.8/site-packages'), ('COLCON', '1')]), 'shell': False}
[0.084218] (vision_3d_test) StdoutLine: {'line': b'-- Found ament_cmake: 0.9.8 (/opt/ros/foxy/share/ament_cmake/cmake)\n'}
[0.097539] (-) TimerEvent: {}
[0.128176] (vision_3d_test) StdoutLine: {'line': b'-- Using PYTHON_EXECUTABLE: /usr/bin/python3\n'}
[0.198220] (-) TimerEvent: {}
[0.299910] (-) TimerEvent: {}
[0.400774] (vision_3d_test) StdoutLine: {'line': b'-- Found rclcpp: 2.3.0 (/opt/ros/foxy/share/rclcpp/cmake)\n'}
[0.400991] (-) TimerEvent: {}
[0.451479] (vision_3d_test) StdoutLine: {'line': b'-- Using all available rosidl_typesupport_c: rosidl_typesupport_fastrtps_c;rosidl_typesupport_introspection_c\n'}
[0.458339] (vision_3d_test) StdoutLine: {'line': b'-- Found rosidl_adapter: 1.2.0 (/opt/ros/foxy/share/rosidl_adapter/cmake)\n'}
[0.501414] (-) TimerEvent: {}
[0.602181] (-) TimerEvent: {}
[0.636838] (vision_3d_test) StdoutLine: {'line': b'-- Using all available rosidl_typesupport_cpp: rosidl_typesupport_fastrtps_cpp;rosidl_typesupport_introspection_cpp\n'}
[0.702918] (-) TimerEvent: {}
[0.710040] (vision_3d_test) StdoutLine: {'line': b'-- Found rmw_implementation_cmake: 1.0.2 (/opt/ros/foxy/share/rmw_implementation_cmake/cmake)\n'}
[0.711999] (vision_3d_test) StdoutLine: {'line': b"-- Using RMW implementation 'rmw_fastrtps_cpp' as default\n"}
[0.803641] (-) TimerEvent: {}
[0.904373] (-) TimerEvent: {}
[0.924572] (vision_3d_test) StdoutLine: {'line': b'-- Found rclpy: 1.0.5 (/opt/ros/foxy/share/rclpy/cmake)\n'}
[0.955887] (vision_3d_test) StdoutLine: {'line': b"-- Checking for module 'eigen3'\n"}
[0.974709] (vision_3d_test) StdoutLine: {'line': b'--   Found eigen3, version 3.3.7\n'}
[1.004688] (-) TimerEvent: {}
[1.031001] (vision_3d_test) StdoutLine: {'line': b'-- Found Eigen: /usr/include/eigen3 (Required is at least version "3.1") \n'}
[1.031337] (vision_3d_test) StdoutLine: {'line': b'-- Eigen found (include: /usr/include/eigen3, version: 3.3.7)\n'}
[1.102284] (vision_3d_test) StdoutLine: {'line': b'-- Found Boost: /usr/include (found suitable version "1.71.0", minimum required is "1.55.0") found components: system filesystem date_time iostreams regex \n'}
[1.104824] (-) TimerEvent: {}
[1.126711] (vision_3d_test) StdoutLine: {'line': b"-- Checking for module 'flann'\n"}
[1.147775] (vision_3d_test) StdoutLine: {'line': b'--   Found flann, version 1.9.1\n'}
[1.203118] (vision_3d_test) StdoutLine: {'line': b'-- Found FLANN: /usr/lib/x86_64-linux-gnu/libflann_cpp.so  \n'}
[1.205359] (-) TimerEvent: {}
[1.303220] (vision_3d_test) StdoutLine: {'line': b'-- The imported target "vtkParseOGLExt" references the file\n'}
[1.303509] (vision_3d_test) StdoutLine: {'line': b'   "/usr/bin/vtkParseOGLExt-7.1"\n'}
[1.303615] (vision_3d_test) StdoutLine: {'line': b'but this file does not exist.  Possible reasons include:\n'}
[1.303708] (vision_3d_test) StdoutLine: {'line': b'* The file was deleted, renamed, or moved to another location.\n'}
[1.303809] (vision_3d_test) StdoutLine: {'line': b'* An install or uninstall procedure did not complete successfully.\n'}
[1.303897] (vision_3d_test) StdoutLine: {'line': b'* The installation package was faulty and contained\n'}
[1.303984] (vision_3d_test) StdoutLine: {'line': b'   "/usr/lib/cmake/vtk-7.1/VTKTargets.cmake"\n'}
[1.304069] (vision_3d_test) StdoutLine: {'line': b'but not all the files it references.\n'}
[1.304154] (vision_3d_test) StdoutLine: {'line': b'\n'}
[1.305461] (-) TimerEvent: {}
[1.306155] (vision_3d_test) StdoutLine: {'line': b'-- The imported target "vtkRenderingPythonTkWidgets" references the file\n'}
[1.306423] (vision_3d_test) StdoutLine: {'line': b'   "/usr/lib/x86_64-linux-gnu/libvtkRenderingPythonTkWidgets.so"\n'}
[1.306600] (vision_3d_test) StdoutLine: {'line': b'but this file does not exist.  Possible reasons include:\n'}
[1.306756] (vision_3d_test) StdoutLine: {'line': b'* The file was deleted, renamed, or moved to another location.\n'}
[1.306907] (vision_3d_test) StdoutLine: {'line': b'* An install or uninstall procedure did not complete successfully.\n'}
[1.307056] (vision_3d_test) StdoutLine: {'line': b'* The installation package was faulty and contained\n'}
[1.307201] (vision_3d_test) StdoutLine: {'line': b'   "/usr/lib/cmake/vtk-7.1/VTKTargets.cmake"\n'}
[1.307348] (vision_3d_test) StdoutLine: {'line': b'but not all the files it references.\n'}
[1.307533] (vision_3d_test) StdoutLine: {'line': b'\n'}
[1.309734] (vision_3d_test) StdoutLine: {'line': b'-- The imported target "vtk" references the file\n'}
[1.309939] (vision_3d_test) StdoutLine: {'line': b'   "/usr/bin/vtk"\n'}
[1.310103] (vision_3d_test) StdoutLine: {'line': b'but this file does not exist.  Possible reasons include:\n'}
[1.310259] (vision_3d_test) StdoutLine: {'line': b'* The file was deleted, renamed, or moved to another location.\n'}
[1.310444] (vision_3d_test) StdoutLine: {'line': b'* An install or uninstall procedure did not complete successfully.\n'}
[1.310608] (vision_3d_test) StdoutLine: {'line': b'* The installation package was faulty and contained\n'}
[1.310758] (vision_3d_test) StdoutLine: {'line': b'   "/usr/lib/cmake/vtk-7.1/VTKTargets.cmake"\n'}
[1.310909] (vision_3d_test) StdoutLine: {'line': b'but not all the files it references.\n'}
[1.311055] (vision_3d_test) StdoutLine: {'line': b'\n'}
[1.321475] (vision_3d_test) StdoutLine: {'line': b'-- The imported target "pvtk" references the file\n'}
[1.321691] (vision_3d_test) StdoutLine: {'line': b'   "/usr/bin/pvtk"\n'}
[1.321793] (vision_3d_test) StdoutLine: {'line': b'but this file does not exist.  Possible reasons include:\n'}
[1.321887] (vision_3d_test) StdoutLine: {'line': b'* The file was deleted, renamed, or moved to another location.\n'}
[1.321977] (vision_3d_test) StdoutLine: {'line': b'* An install or uninstall procedure did not complete successfully.\n'}
[1.322065] (vision_3d_test) StdoutLine: {'line': b'* The installation package was faulty and contained\n'}
[1.322152] (vision_3d_test) StdoutLine: {'line': b'   "/usr/lib/cmake/vtk-7.1/VTKTargets.cmake"\n'}
[1.322238] (vision_3d_test) StdoutLine: {'line': b'but not all the files it references.\n'}
[1.322324] (vision_3d_test) StdoutLine: {'line': b'\n'}
[1.383702] (vision_3d_test) StdoutLine: {'line': b"-- Checking for module 'libusb-1.0'\n"}
[1.389714] (vision_3d_test) StdoutLine: {'line': b"--   No package 'libusb-1.0' found\n"}
[1.394332] (vision_3d_test) StdoutLine: {'line': b'-- Could NOT find USB_10 (missing: USB_10_LIBRARY USB_10_INCLUDE_DIR) \n'}
[1.394543] (vision_3d_test) StdoutLine: {'line': b'-- OpenNI disabled because libusb-1.0 not found.\n'}
[1.396402] (vision_3d_test) StderrLine: {'line': b'** WARNING ** io features related to openni will be disabled\n'}
[1.402860] (vision_3d_test) StdoutLine: {'line': b"-- Checking for module 'libusb-1.0'\n"}
[1.405881] (-) TimerEvent: {}
[1.407648] (vision_3d_test) StdoutLine: {'line': b"--   No package 'libusb-1.0' found\n"}
[1.412882] (vision_3d_test) StdoutLine: {'line': b'-- Could NOT find USB_10 (missing: USB_10_LIBRARY USB_10_INCLUDE_DIR) \n'}
[1.413283] (vision_3d_test) StdoutLine: {'line': b'-- OpenNI 2 disabled because libusb-1.0 not found.\n'}
[1.413780] (vision_3d_test) StderrLine: {'line': b'** WARNING ** io features related to openni2 will be disabled\n'}
[1.414184] (vision_3d_test) StderrLine: {'line': b'** WARNING ** io features related to pcap will be disabled\n'}
[1.414552] (vision_3d_test) StderrLine: {'line': b'** WARNING ** io features related to png will be disabled\n'}
[1.435591] (vision_3d_test) StdoutLine: {'line': b'-- LIBUSB_1_LIBRARY (missing: LIBUSB_1_INCLUDE_DIR) \n'}
[1.435951] (vision_3d_test) StderrLine: {'line': b'** WARNING ** io features related to libusb-1.0 will be disabled\n'}
[1.443466] (vision_3d_test) StdoutLine: {'line': b"-- Checking for module 'libusb-1.0'\n"}
[1.447782] (vision_3d_test) StdoutLine: {'line': b"--   No package 'libusb-1.0' found\n"}
[1.451569] (vision_3d_test) StdoutLine: {'line': b'-- Could NOT find USB_10 (missing: USB_10_LIBRARY USB_10_INCLUDE_DIR) \n'}
[1.451748] (vision_3d_test) StdoutLine: {'line': b'-- OpenNI disabled because libusb-1.0 not found.\n'}
[1.452071] (vision_3d_test) StderrLine: {'line': b'** WARNING ** visualization features related to openni will be disabled\n'}
[1.458644] (vision_3d_test) StdoutLine: {'line': b"-- Checking for module 'libusb-1.0'\n"}
[1.462468] (vision_3d_test) StdoutLine: {'line': b"--   No package 'libusb-1.0' found\n"}
[1.466167] (vision_3d_test) StdoutLine: {'line': b'-- Could NOT find USB_10 (missing: USB_10_LIBRARY USB_10_INCLUDE_DIR) \n'}
[1.466364] (vision_3d_test) StdoutLine: {'line': b'-- OpenNI 2 disabled because libusb-1.0 not found.\n'}
[1.466740] (vision_3d_test) StderrLine: {'line': b'** WARNING ** visualization features related to openni2 will be disabled\n'}
[1.506004] (-) TimerEvent: {}
[1.507158] (vision_3d_test) StdoutLine: {'line': b'-- Found Qhull: optimized;/usr/lib/x86_64-linux-gnu/libqhull.so;debug;/usr/lib/x86_64-linux-gnu/libqhull.so  \n'}
[1.507430] (vision_3d_test) StdoutLine: {'line': b'-- QHULL found (include: /usr/include, lib: optimized;/usr/lib/x86_64-linux-gnu/libqhull.so;debug;/usr/lib/x86_64-linux-gnu/libqhull.so)\n'}
[1.514573] (vision_3d_test) StdoutLine: {'line': b"-- Checking for module 'libusb-1.0'\n"}
[1.518540] (vision_3d_test) StdoutLine: {'line': b"--   No package 'libusb-1.0' found\n"}
[1.524987] (vision_3d_test) StdoutLine: {'line': b'-- Could NOT find USB_10 (missing: USB_10_LIBRARY USB_10_INCLUDE_DIR) \n'}
[1.525342] (vision_3d_test) StdoutLine: {'line': b'-- OpenNI disabled because libusb-1.0 not found.\n'}
[1.525469] (vision_3d_test) StderrLine: {'line': b'** WARNING ** apps features related to openni will be disabled\n'}
[1.543155] (vision_3d_test) StdoutLine: {'line': b'-- looking for PCL_COMMON\n'}
[1.544640] (vision_3d_test) StdoutLine: {'line': b'-- Found PCL_COMMON: /usr/lib/x86_64-linux-gnu/libpcl_common.so  \n'}
[1.545091] (vision_3d_test) StdoutLine: {'line': b'-- looking for PCL_KDTREE\n'}
[1.547162] (vision_3d_test) StdoutLine: {'line': b'-- Found PCL_KDTREE: /usr/lib/x86_64-linux-gnu/libpcl_kdtree.so  \n'}
[1.547571] (vision_3d_test) StdoutLine: {'line': b'-- looking for PCL_OCTREE\n'}
[1.548879] (vision_3d_test) StdoutLine: {'line': b'-- Found PCL_OCTREE: /usr/lib/x86_64-linux-gnu/libpcl_octree.so  \n'}
[1.549272] (vision_3d_test) StdoutLine: {'line': b'-- looking for PCL_SEARCH\n'}
[1.550560] (vision_3d_test) StdoutLine: {'line': b'-- Found PCL_SEARCH: /usr/lib/x86_64-linux-gnu/libpcl_search.so  \n'}
[1.551013] (vision_3d_test) StdoutLine: {'line': b'-- looking for PCL_SAMPLE_CONSENSUS\n'}
[1.552348] (vision_3d_test) StdoutLine: {'line': b'-- Found PCL_SAMPLE_CONSENSUS: /usr/lib/x86_64-linux-gnu/libpcl_sample_consensus.so  \n'}
[1.552820] (vision_3d_test) StdoutLine: {'line': b'-- looking for PCL_FILTERS\n'}
[1.555438] (vision_3d_test) StdoutLine: {'line': b'-- Found PCL_FILTERS: /usr/lib/x86_64-linux-gnu/libpcl_filters.so  \n'}
[1.555959] (vision_3d_test) StdoutLine: {'line': b'-- looking for PCL_2D\n'}
[1.556524] (vision_3d_test) StdoutLine: {'line': b'-- Found PCL_2D: /usr/include/pcl-1.10  \n'}
[1.557105] (vision_3d_test) StdoutLine: {'line': b'-- looking for PCL_GEOMETRY\n'}
[1.557665] (vision_3d_test) StdoutLine: {'line': b'-- Found PCL_GEOMETRY: /usr/include/pcl-1.10  \n'}
[1.557992] (vision_3d_test) StdoutLine: {'line': b'-- looking for PCL_IO\n'}
[1.559549] (vision_3d_test) StdoutLine: {'line': b'-- Found PCL_IO: /usr/lib/x86_64-linux-gnu/libpcl_io.so  \n'}
[1.560104] (vision_3d_test) StdoutLine: {'line': b'-- looking for PCL_FEATURES\n'}
[1.561443] (vision_3d_test) StdoutLine: {'line': b'-- Found PCL_FEATURES: /usr/lib/x86_64-linux-gnu/libpcl_features.so  \n'}
[1.562030] (vision_3d_test) StdoutLine: {'line': b'-- looking for PCL_ML\n'}
[1.563631] (vision_3d_test) StdoutLine: {'line': b'-- Found PCL_ML: /usr/lib/x86_64-linux-gnu/libpcl_ml.so  \n'}
[1.564096] (vision_3d_test) StdoutLine: {'line': b'-- looking for PCL_SEGMENTATION\n'}
[1.565455] (vision_3d_test) StdoutLine: {'line': b'-- Found PCL_SEGMENTATION: /usr/lib/x86_64-linux-gnu/libpcl_segmentation.so  \n'}
[1.566118] (vision_3d_test) StdoutLine: {'line': b'-- looking for PCL_VISUALIZATION\n'}
[1.567481] (vision_3d_test) StdoutLine: {'line': b'-- Found PCL_VISUALIZATION: /usr/lib/x86_64-linux-gnu/libpcl_visualization.so  \n'}
[1.568119] (vision_3d_test) StdoutLine: {'line': b'-- looking for PCL_SURFACE\n'}
[1.569501] (vision_3d_test) StdoutLine: {'line': b'-- Found PCL_SURFACE: /usr/lib/x86_64-linux-gnu/libpcl_surface.so  \n'}
[1.570053] (vision_3d_test) StdoutLine: {'line': b'-- looking for PCL_REGISTRATION\n'}
[1.571372] (vision_3d_test) StdoutLine: {'line': b'-- Found PCL_REGISTRATION: /usr/lib/x86_64-linux-gnu/libpcl_registration.so  \n'}
[1.572021] (vision_3d_test) StdoutLine: {'line': b'-- looking for PCL_KEYPOINTS\n'}
[1.573426] (vision_3d_test) StdoutLine: {'line': b'-- Found PCL_KEYPOINTS: /usr/lib/x86_64-linux-gnu/libpcl_keypoints.so  \n'}
[1.574052] (vision_3d_test) StdoutLine: {'line': b'-- looking for PCL_TRACKING\n'}
[1.575517] (vision_3d_test) StdoutLine: {'line': b'-- Found PCL_TRACKING: /usr/lib/x86_64-linux-gnu/libpcl_tracking.so  \n'}
[1.576099] (vision_3d_test) StdoutLine: {'line': b'-- looking for PCL_RECOGNITION\n'}
[1.577789] (vision_3d_test) StdoutLine: {'line': b'-- Found PCL_RECOGNITION: /usr/lib/x86_64-linux-gnu/libpcl_recognition.so  \n'}
[1.578516] (vision_3d_test) StdoutLine: {'line': b'-- looking for PCL_STEREO\n'}
[1.579882] (vision_3d_test) StdoutLine: {'line': b'-- Found PCL_STEREO: /usr/lib/x86_64-linux-gnu/libpcl_stereo.so  \n'}
[1.580376] (vision_3d_test) StdoutLine: {'line': b'-- looking for PCL_APPS\n'}
[1.581726] (vision_3d_test) StdoutLine: {'line': b'-- Found PCL_APPS: /usr/lib/x86_64-linux-gnu/libpcl_apps.so  \n'}
[1.583006] (vision_3d_test) StdoutLine: {'line': b'-- looking for PCL_IN_HAND_SCANNER\n'}
[1.583499] (vision_3d_test) StdoutLine: {'line': b'-- Found PCL_IN_HAND_SCANNER: /usr/include/pcl-1.10  \n'}
[1.583904] (vision_3d_test) StdoutLine: {'line': b'-- looking for PCL_POINT_CLOUD_EDITOR\n'}
[1.587441] (vision_3d_test) StdoutLine: {'line': b'-- Found PCL_POINT_CLOUD_EDITOR: /usr/include/pcl-1.10  \n'}
[1.587844] (vision_3d_test) StdoutLine: {'line': b'-- looking for PCL_OUTOFCORE\n'}
[1.589215] (vision_3d_test) StdoutLine: {'line': b'-- Found PCL_OUTOFCORE: /usr/lib/x86_64-linux-gnu/libpcl_outofcore.so  \n'}
[1.589843] (vision_3d_test) StdoutLine: {'line': b'-- looking for PCL_PEOPLE\n'}
[1.591247] (vision_3d_test) StdoutLine: {'line': b'-- Found PCL_PEOPLE: /usr/lib/x86_64-linux-gnu/libpcl_people.so  \n'}
[1.593049] (vision_3d_test) StdoutLine: {'line': b'-- Found PCL: pcl_common;pcl_kdtree;pcl_octree;pcl_search;pcl_sample_consensus;pcl_filters;pcl_io;pcl_features;pcl_ml;pcl_segmentation;pcl_visualization;pcl_surface;pcl_registration;pcl_keypoints;pcl_tracking;pcl_recognition;pcl_stereo;pcl_apps;pcl_outofcore;pcl_people;/usr/lib/x86_64-linux-gnu/libboost_system.so;/usr/lib/x86_64-linux-gnu/libboost_filesystem.so;/usr/lib/x86_64-linux-gnu/libboost_date_time.so;/usr/lib/x86_64-linux-gnu/libboost_iostreams.so;/usr/lib/x86_64-linux-gnu/libboost_regex.so;optimized;/usr/lib/x86_64-linux-gnu/libqhull.so;debug;/usr/lib/x86_64-linux-gnu/libqhull.so;vtkChartsCore;vtkCommonColor;vtkCommonCore;vtksys;vtkCommonDataModel;vtkCommonMath;vtkCommonMisc;vtkCommonSystem;vtkCommonTransforms;vtkCommonExecutionModel;vtkFiltersGeneral;vtkCommonComputationalGeometry;vtkFiltersCore;vtkInfovisCore;vtkFiltersExtraction;vtkFiltersStatistics;vtkImagingFourier;vtkImagingCore;vtkalglib;vtkRenderingContext2D;vtkRenderingCore;vtkFiltersGeometry;vtkFiltersSources;vtkRenderingFreeType;/usr/lib/x86_64-linux-gnu/libfreetype.so;/usr/lib/x86_64-linux-gnu/libz.so;vtkFiltersModeling;vtkImagingSources;vtkInteractionStyle;vtkInteractionWidgets;vtkFiltersHybrid;vtkImagingColor;vtkImagingGeneral;vtkImagingHybrid;vtkIOImage;vtkDICOMParser;vtkmetaio;/usr/lib/x86_64-linux-gnu/libjpeg.so;/usr/lib/x86_64-linux-gnu/libpng.so;/usr/lib/x86_64-linux-gnu/libtiff.so;vtkRenderingAnnotation;vtkRenderingVolume;vtkIOXML;vtkIOCore;vtkIOXMLParser;/usr/lib/x86_64-linux-gnu/libexpat.so;vtkIOGeometry;vtkIOLegacy;vtkIOPLY;vtkRenderingLOD;vtkViewsContext2D;vtkViewsCore;vtkRenderingContextOpenGL2;vtkRenderingOpenGL2;FLANN::FLANN (Required is at least version "1.8") \n'}
[1.606570] (-) TimerEvent: {}
[1.627489] (vision_3d_test) StdoutLine: {'line': b'-- Found OpenCV: /usr (found version "4.2.0") \n'}
[1.707340] (-) TimerEvent: {}
[1.726602] (vision_3d_test) StdoutLine: {'line': b'-- Configuring done\n'}
[1.741658] (vision_3d_test) StdoutLine: {'line': b'-- Generating done\n'}
[1.745249] (vision_3d_test) StdoutLine: {'line': b'-- Build files have been written to: /home/robohub/dev_ws/src/vision_3d_test/build/vision_3d_test\n'}
[1.784519] (vision_3d_test) StdoutLine: {'line': b'\x1b[35m\x1b[1mScanning dependencies of target cpp_executable\x1b[0m\n'}
[1.805136] (vision_3d_test) StdoutLine: {'line': b'[ 25%] \x1b[32mBuilding CXX object CMakeFiles/cpp_executable.dir/src/GetData.cpp.o\x1b[0m\n'}
[1.810403] (-) TimerEvent: {}
[1.813563] (vision_3d_test) StdoutLine: {'line': b'[ 25%] \x1b[32mBuilding CXX object CMakeFiles/cpp_executable.dir/src/GetRoi.cpp.o\x1b[0m\n'}
[1.883763] (vision_3d_test) StderrLine: {'line': b'In file included from \x1b[01m\x1b[K/home/robohub/dev_ws/src/vision_3d_test/src/GetRoi.cpp:1\x1b[m\x1b[K:\n'}
[1.884927] (vision_3d_test) StderrLine: {'line': b'\x1b[01m\x1b[K/home/robohub/dev_ws/src/vision_3d_test/include/GetRoi.h:5:10:\x1b[m\x1b[K \x1b[01;31m\x1b[Kfatal error: \x1b[m\x1b[Kopencv2/opencv.hpp: No such file or directory\n'}
[1.885040] (vision_3d_test) StderrLine: {'line': b'    5 | #include \x1b[01;31m\x1b[K<opencv2/opencv.hpp>\x1b[m\x1b[K\n'}
[1.885133] (vision_3d_test) StderrLine: {'line': b'      |          \x1b[01;31m\x1b[K^~~~~~~~~~~~~~~~~~~~\x1b[m\x1b[K\n'}
[1.885223] (vision_3d_test) StderrLine: {'line': b'compilation terminated.\n'}
[1.891477] (vision_3d_test) StderrLine: {'line': b'make[2]: *** [CMakeFiles/cpp_executable.dir/build.make:76: CMakeFiles/cpp_executable.dir/src/GetRoi.cpp.o] Error 1\n'}
[1.892875] (vision_3d_test) StderrLine: {'line': b'make[2]: *** Waiting for unfinished jobs....\n'}
[1.910729] (-) TimerEvent: {}
[1.923398] (vision_3d_test) StderrLine: {'line': b'In file included from \x1b[01m\x1b[K/home/robohub/dev_ws/src/vision_3d_test/src/GetData.cpp:1\x1b[m\x1b[K:\n'}
[1.923673] (vision_3d_test) StderrLine: {'line': b'\x1b[01m\x1b[K/home/robohub/dev_ws/src/vision_3d_test/include/GetData.h:5:10:\x1b[m\x1b[K \x1b[01;31m\x1b[Kfatal error: \x1b[m\x1b[Kpcl/io/pcd_io.h: No such file or directory\n'}
[1.923803] (vision_3d_test) StderrLine: {'line': b'    5 | #include \x1b[01;31m\x1b[K<pcl/io/pcd_io.h>\x1b[m\x1b[K\n'}
[1.923898] (vision_3d_test) StderrLine: {'line': b'      |          \x1b[01;31m\x1b[K^~~~~~~~~~~~~~~~~\x1b[m\x1b[K\n'}
[1.923991] (vision_3d_test) StderrLine: {'line': b'compilation terminated.\n'}
[1.928096] (vision_3d_test) StderrLine: {'line': b'make[2]: *** [CMakeFiles/cpp_executable.dir/build.make:63: CMakeFiles/cpp_executable.dir/src/GetData.cpp.o] Error 1\n'}
[1.928368] (vision_3d_test) StderrLine: {'line': b'make[1]: *** [CMakeFiles/Makefile2:78: CMakeFiles/cpp_executable.dir/all] Error 2\n'}
[1.928766] (vision_3d_test) StderrLine: {'line': b'make: *** [Makefile:141: all] Error 2\n'}
[1.929987] (vision_3d_test) CommandEnded: {'returncode': 2}
[2.010975] (-) TimerEvent: {}
[2.011498] (vision_3d_test) JobEnded: {'identifier': 'vision_3d_test', 'rc': 2}
[2.012943] (-) EventReactorShutdown: {}
