[0.021s] Invoking command in '/home/robohub/dev_ws/src/vision_3d_test/build/vision_3d_test': /usr/bin/cmake --build /home/robohub/dev_ws/src/vision_3d_test/build/vision_3d_test -- -j2 -l2
[0.118s] [ 12%] [32mBuilding CXX object CMakeFiles/cpp_executable.dir/src/GetRoi.cpp.o[0m
[0.126s] [ 25%] [32mBuilding CXX object CMakeFiles/cpp_executable.dir/src/Process2dData.cpp.o[0m
[0.333s] In file included from [01m[K/home/robohub/dev_ws/src/vision_3d_test/src/GetRoi.cpp:1[m[K:
[0.333s] [01m[K/home/robohub/dev_ws/src/vision_3d_test/include/GetRoi.h:6:10:[m[K [01;31m[Kfatal error: [m[Kros/ros.h: No such file or directory
[0.333s]     6 | #include [01;31m[K<ros/ros.h>[m[K
[0.333s]       |          [01;31m[K^~~~~~~~~~~[m[K
[0.333s] compilation terminated.
[0.333s] make[2]: *** [CMakeFiles/cpp_executable.dir/build.make:76: CMakeFiles/cpp_executable.dir/src/GetRoi.cpp.o] Error 1
[0.333s] make[2]: *** Waiting for unfinished jobs....
[3.607s] make[1]: *** [CMakeFiles/Makefile2:78: CMakeFiles/cpp_executable.dir/all] Error 2
[3.607s] make: *** [Makefile:141: all] Error 2
[3.613s] Invoked command in '/home/robohub/dev_ws/src/vision_3d_test/build/vision_3d_test' returned '2': /usr/bin/cmake --build /home/robohub/dev_ws/src/vision_3d_test/build/vision_3d_test -- -j2 -l2
