[0.000000] (-) TimerEvent: {}
[0.002752] (vision_3d_test) JobQueued: {'identifier': 'vision_3d_test', 'dependencies': OrderedDict()}
[0.011305] (vision_3d_test) JobStarted: {'identifier': 'vision_3d_test'}
[0.034647] (vision_3d_test) JobProgress: {'identifier': 'vision_3d_test', 'progress': 'cmake'}
[0.038426] (vision_3d_test) JobProgress: {'identifier': 'vision_3d_test', 'progress': 'build'}
[0.040929] (vision_3d_test) Command: {'cmd': ['/usr/bin/cmake', '--build', '/home/robohub/dev_ws/src/vision_3d_test/build/vision_3d_test', '--', '-j2', '-l2'], 'cwd': '/home/robohub/dev_ws/src/vision_3d_test/build/vision_3d_test', 'env': OrderedDict([('GJS_DEBUG_TOPICS', 'JS ERROR;JS LOG'), ('LESSOPEN', '| /usr/bin/lesspipe %s'), ('USER', 'robohub'), ('SSH_AGENT_PID', '1554'), ('XDG_SESSION_TYPE', 'x11'), ('GIT_ASKPASS', '/snap/code/57/usr/share/code/resources/app/extensions/git/dist/askpass.sh'), ('SHLVL', '1'), ('LD_LIBRARY_PATH', '/opt/ros/foxy/opt/yaml_cpp_vendor/lib:/opt/ros/foxy/opt/rviz_ogre_vendor/lib:/opt/ros/foxy/lib/x86_64-linux-gnu:/opt/ros/foxy/lib'), ('HOME', '/home/robohub'), ('CHROME_DESKTOP', 'code-url-handler.desktop'), ('TERM_PROGRAM_VERSION', '1.54.1'), ('DESKTOP_SESSION', 'ubuntu'), ('GIO_LAUNCHED_DESKTOP_FILE', '/var/lib/snapd/desktop/applications/code_code.desktop'), ('APPLICATION_INSIGHTS_NO_DIAGNOSTIC_CHANNEL', 'true'), ('ROS_PYTHON_VERSION', '3'), ('GNOME_SHELL_SESSION_MODE', 'ubuntu'), ('GTK_MODULES', 'gail:atk-bridge'), ('VSCODE_GIT_ASKPASS_MAIN', '/snap/code/57/usr/share/code/resources/app/extensions/git/dist/askpass-main.js'), ('VSCODE_GIT_ASKPASS_NODE', '/snap/code/57/usr/share/code/code'), ('MANAGERPID', '1378'), ('DBUS_SESSION_BUS_ADDRESS', 'unix:path=/run/user/1000/bus'), ('COLORTERM', 'truecolor'), ('GIO_LAUNCHED_DESKTOP_FILE_PID', '2484'), ('_colcon_cd_root', '/home/robohub/ros2_install'), ('IM_CONFIG_PHASE', '1'), ('ROS_DISTRO', 'foxy'), ('LOGNAME', 'robohub'), ('JOURNAL_STREAM', '8:49733'), ('_', '/usr/bin/colcon'), ('ROS_VERSION', '2'), ('XDG_SESSION_CLASS', 'user'), ('GIT_BRANCH', 'master'), ('USERNAME', 'robohub'), ('TERM', 'xterm-256color'), ('GNOME_DESKTOP_SESSION_ID', 'this-is-deprecated'), ('ROS_LOCALHOST_ONLY', '0'), ('WINDOWPATH', '2'), ('PATH', '/home/robohub/.local/bin:/opt/ros/foxy/bin:/home/robohub/.local/bin:/usr/local/sbin:/usr/local/bin:/usr/sbin:/usr/bin:/sbin:/bin:/usr/games:/usr/local/games:/snap/bin'), ('SESSION_MANAGER', 'local/ubuntu:@/tmp/.ICE-unix/1589,unix/ubuntu:/tmp/.ICE-unix/1589'), ('INVOCATION_ID', 'ee5126d193544a5c8081ff02799d977c'), ('XDG_MENU_PREFIX', 'gnome-'), ('BAMF_DESKTOP_FILE_HINT', '/var/lib/snapd/desktop/applications/code_code.desktop'), ('XDG_RUNTIME_DIR', '/run/user/1000'), ('DISPLAY', ':0'), ('LANG', 'en_US.UTF-8'), ('XDG_CURRENT_DESKTOP', 'Unity'), ('XMODIFIERS', '@im=ibus'), ('XDG_SESSION_DESKTOP', 'ubuntu'), ('XAUTHORITY', '/run/user/1000/gdm/Xauthority'), ('LS_COLORS', 'rs=0:di=01;34:ln=01;36:mh=00:pi=40;33:so=01;35:do=01;35:bd=40;33;01:cd=40;33;01:or=40;31;01:mi=00:su=37;41:sg=30;43:ca=30;41:tw=30;42:ow=34;42:st=37;44:ex=01;32:*.tar=01;31:*.tgz=01;31:*.arc=01;31:*.arj=01;31:*.taz=01;31:*.lha=01;31:*.lz4=01;31:*.lzh=01;31:*.lzma=01;31:*.tlz=01;31:*.txz=01;31:*.tzo=01;31:*.t7z=01;31:*.zip=01;31:*.z=01;31:*.dz=01;31:*.gz=01;31:*.lrz=01;31:*.lz=01;31:*.lzo=01;31:*.xz=01;31:*.zst=01;31:*.tzst=01;31:*.bz2=01;31:*.bz=01;31:*.tbz=01;31:*.tbz2=01;31:*.tz=01;31:*.deb=01;31:*.rpm=01;31:*.jar=01;31:*.war=01;31:*.ear=01;31:*.sar=01;31:*.rar=01;31:*.alz=01;31:*.ace=01;31:*.zoo=01;31:*.cpio=01;31:*.7z=01;31:*.rz=01;31:*.cab=01;31:*.wim=01;31:*.swm=01;31:*.dwm=01;31:*.esd=01;31:*.jpg=01;35:*.jpeg=01;35:*.mjpg=01;35:*.mjpeg=01;35:*.gif=01;35:*.bmp=01;35:*.pbm=01;35:*.pgm=01;35:*.ppm=01;35:*.tga=01;35:*.xbm=01;35:*.xpm=01;35:*.tif=01;35:*.tiff=01;35:*.png=01;35:*.svg=01;35:*.svgz=01;35:*.mng=01;35:*.pcx=01;35:*.mov=01;35:*.mpg=01;35:*.mpeg=01;35:*.m2v=01;35:*.mkv=01;35:*.webm=01;35:*.ogm=01;35:*.mp4=01;35:*.m4v=01;35:*.mp4v=01;35:*.vob=01;35:*.qt=01;35:*.nuv=01;35:*.wmv=01;35:*.asf=01;35:*.rm=01;35:*.rmvb=01;35:*.flc=01;35:*.avi=01;35:*.fli=01;35:*.flv=01;35:*.gl=01;35:*.dl=01;35:*.xcf=01;35:*.xwd=01;35:*.yuv=01;35:*.cgm=01;35:*.emf=01;35:*.ogv=01;35:*.ogx=01;35:*.aac=00;36:*.au=00;36:*.flac=00;36:*.m4a=00;36:*.mid=00;36:*.midi=00;36:*.mka=00;36:*.mp3=00;36:*.mpc=00;36:*.ogg=00;36:*.ra=00;36:*.wav=00;36:*.oga=00;36:*.opus=00;36:*.spx=00;36:*.xspf=00;36:'), ('VSCODE_GIT_IPC_HANDLE', '/run/user/1000/vscode-git-1fb999ea60.sock'), ('TERM_PROGRAM', 'vscode'), ('SSH_AUTH_SOCK', '/run/user/1000/keyring/ssh'), ('GSETTINGS_SCHEMA_DIR', '/snap/code/57/usr/share/glib-2.0/schemas'), ('AMENT_PREFIX_PATH', '/opt/ros/foxy'), ('ORIGINAL_XDG_CURRENT_DESKTOP', 'ubuntu:GNOME'), ('SHELL', '/bin/bash'), ('DISABLE_WAYLAND', '1'), ('QT_ACCESSIBILITY', '1'), ('GDMSESSION', 'ubuntu'), ('LESSCLOSE', '/usr/bin/lesspipe %s %s'), ('__GIT_PROMPT_SHOW_UNTRACKED_FILES', ''), ('GPG_AGENT_INFO', '/run/user/1000/gnupg/S.gpg-agent:0:1'), ('GJS_DEBUG_OUTPUT', 'stderr'), ('QT_IM_MODULE', 'ibus'), ('PWD', '/home/robohub/dev_ws/src/vision_3d_test/build/vision_3d_test'), ('LC_ALL', 'en_US.UTF-8'), ('XDG_CONFIG_DIRS', '/etc/xdg/xdg-ubuntu:/etc/xdg'), ('XDG_DATA_DIRS', '/usr/share/ubuntu:/usr/local/share/:/usr/share/:/var/lib/snapd/desktop'), ('PYTHONPATH', '/opt/ros/foxy/lib/python3.8/site-packages'), ('COLCON', '1')]), 'shell': False}
[0.090553] (vision_3d_test) StdoutLine: {'line': b'-- Found ament_cmake: 0.9.8 (/opt/ros/foxy/share/ament_cmake/cmake)\n'}
[0.100155] (-) TimerEvent: {}
[0.124700] (vision_3d_test) StdoutLine: {'line': b'-- Using PYTHON_EXECUTABLE: /usr/bin/python3\n'}
[0.200460] (-) TimerEvent: {}
[0.301184] (-) TimerEvent: {}
[0.372341] (vision_3d_test) StdoutLine: {'line': b'-- Found rclcpp: 2.3.0 (/opt/ros/foxy/share/rclcpp/cmake)\n'}
[0.401917] (-) TimerEvent: {}
[0.418667] (vision_3d_test) StdoutLine: {'line': b'-- Using all available rosidl_typesupport_c: rosidl_typesupport_fastrtps_c;rosidl_typesupport_introspection_c\n'}
[0.423713] (vision_3d_test) StdoutLine: {'line': b'-- Found rosidl_adapter: 1.2.0 (/opt/ros/foxy/share/rosidl_adapter/cmake)\n'}
[0.502663] (-) TimerEvent: {}
[0.585010] (vision_3d_test) StdoutLine: {'line': b'-- Using all available rosidl_typesupport_cpp: rosidl_typesupport_fastrtps_cpp;rosidl_typesupport_introspection_cpp\n'}
[0.603367] (-) TimerEvent: {}
[0.659493] (vision_3d_test) StdoutLine: {'line': b'-- Found rmw_implementation_cmake: 1.0.2 (/opt/ros/foxy/share/rmw_implementation_cmake/cmake)\n'}
[0.661506] (vision_3d_test) StdoutLine: {'line': b"-- Using RMW implementation 'rmw_fastrtps_cpp' as default\n"}
[0.704122] (-) TimerEvent: {}
[0.804857] (-) TimerEvent: {}
[0.871252] (vision_3d_test) StdoutLine: {'line': b'-- Found rclpy: 1.0.5 (/opt/ros/foxy/share/rclpy/cmake)\n'}
[0.905604] (-) TimerEvent: {}
[0.953929] (vision_3d_test) StdoutLine: {'line': b'-- Configuring done\n'}
[0.965053] (vision_3d_test) StdoutLine: {'line': b'-- Generating done\n'}
[0.968175] (vision_3d_test) StdoutLine: {'line': b'-- Build files have been written to: /home/robohub/dev_ws/src/vision_3d_test/build/vision_3d_test\n'}
[1.006296] (-) TimerEvent: {}
[1.016635] (vision_3d_test) StdoutLine: {'line': b'[ 12%] \x1b[32mBuilding CXX object CMakeFiles/cpp_executable.dir/src/GetData.cpp.o\x1b[0m\n'}
[1.024904] (vision_3d_test) StdoutLine: {'line': b'[ 25%] \x1b[32mBuilding CXX object CMakeFiles/cpp_executable.dir/src/GetRoi.cpp.o\x1b[0m\n'}
[1.081048] (vision_3d_test) StderrLine: {'line': b'In file included from \x1b[01m\x1b[K/home/robohub/dev_ws/src/vision_3d_test/src/GetRoi.cpp:1\x1b[m\x1b[K:\n'}
[1.081320] (vision_3d_test) StderrLine: {'line': b'\x1b[01m\x1b[K/home/robohub/dev_ws/src/vision_3d_test/include/GetRoi.h:5:10:\x1b[m\x1b[K \x1b[01;31m\x1b[Kfatal error: \x1b[m\x1b[Kopencv2/opencv.hpp: No such file or directory\n'}
[1.081427] (vision_3d_test) StderrLine: {'line': b'    5 | #include \x1b[01;31m\x1b[K<opencv2/opencv.hpp>\x1b[m\x1b[K\n'}
[1.081518] (vision_3d_test) StderrLine: {'line': b'      |          \x1b[01;31m\x1b[K^~~~~~~~~~~~~~~~~~~~\x1b[m\x1b[K\n'}
[1.081605] (vision_3d_test) StderrLine: {'line': b'compilation terminated.\n'}
[1.090422] (vision_3d_test) StderrLine: {'line': b'make[2]: *** [CMakeFiles/cpp_executable.dir/build.make:76: CMakeFiles/cpp_executable.dir/src/GetRoi.cpp.o] Error 1\n'}
[1.090642] (vision_3d_test) StderrLine: {'line': b'make[2]: *** Waiting for unfinished jobs....\n'}
[1.101926] (vision_3d_test) StderrLine: {'line': b'In file included from \x1b[01m\x1b[K/home/robohub/dev_ws/src/vision_3d_test/src/GetData.cpp:1\x1b[m\x1b[K:\n'}
[1.102182] (vision_3d_test) StderrLine: {'line': b'\x1b[01m\x1b[K/home/robohub/dev_ws/src/vision_3d_test/include/GetData.h:5:10:\x1b[m\x1b[K \x1b[01;31m\x1b[Kfatal error: \x1b[m\x1b[Kpcl/io/pcd_io.h: No such file or directory\n'}
[1.102351] (vision_3d_test) StderrLine: {'line': b'    5 | #include \x1b[01;31m\x1b[K<pcl/io/pcd_io.h>\x1b[m\x1b[K\n'}
[1.102507] (vision_3d_test) StderrLine: {'line': b'      |          \x1b[01;31m\x1b[K^~~~~~~~~~~~~~~~~\x1b[m\x1b[K\n'}
[1.102689] (vision_3d_test) StderrLine: {'line': b'compilation terminated.\n'}
[1.104403] (vision_3d_test) StderrLine: {'line': b'make[2]: *** [CMakeFiles/cpp_executable.dir/build.make:63: CMakeFiles/cpp_executable.dir/src/GetData.cpp.o] Error 1\n'}
[1.106859] (vision_3d_test) StderrLine: {'line': b'make[1]: *** [CMakeFiles/Makefile2:78: CMakeFiles/cpp_executable.dir/all] Error 2\n'}
[1.107048] (-) TimerEvent: {}
[1.110749] (vision_3d_test) StderrLine: {'line': b'make: *** [Makefile:141: all] Error 2\n'}
[1.111620] (vision_3d_test) CommandEnded: {'returncode': 2}
[1.191402] (vision_3d_test) JobEnded: {'identifier': 'vision_3d_test', 'rc': 2}
[1.197822] (-) EventReactorShutdown: {}
