[0.034s] Invoking command in '/home/robohub/dev_ws/src/vision_3d_test/build/vision_3d_test': /usr/bin/cmake --build /home/robohub/dev_ws/src/vision_3d_test/build/vision_3d_test -- -j2 -l2
[0.084s] -- Found ament_cmake: 0.9.8 (/opt/ros/foxy/share/ament_cmake/cmake)
[0.128s] -- Using PYTHON_EXECUTABLE: /usr/bin/python3
[0.401s] -- Found rclcpp: 2.3.0 (/opt/ros/foxy/share/rclcpp/cmake)
[0.451s] -- Using all available rosidl_typesupport_c: rosidl_typesupport_fastrtps_c;rosidl_typesupport_introspection_c
[0.458s] -- Found rosidl_adapter: 1.2.0 (/opt/ros/foxy/share/rosidl_adapter/cmake)
[0.637s] -- Using all available rosidl_typesupport_cpp: rosidl_typesupport_fastrtps_cpp;rosidl_typesupport_introspection_cpp
[0.710s] -- Found rmw_implementation_cmake: 1.0.2 (/opt/ros/foxy/share/rmw_implementation_cmake/cmake)
[0.712s] -- Using RMW implementation 'rmw_fastrtps_cpp' as default
[0.924s] -- Found rclpy: 1.0.5 (/opt/ros/foxy/share/rclpy/cmake)
[0.956s] -- Checking for module 'eigen3'
[0.975s] --   Found eigen3, version 3.3.7
[1.031s] -- Found Eigen: /usr/include/eigen3 (Required is at least version "3.1") 
[1.031s] -- Eigen found (include: /usr/include/eigen3, version: 3.3.7)
[1.102s] -- Found Boost: /usr/include (found suitable version "1.71.0", minimum required is "1.55.0") found components: system filesystem date_time iostreams regex 
[1.127s] -- Checking for module 'flann'
[1.148s] --   Found flann, version 1.9.1
[1.203s] -- Found FLANN: /usr/lib/x86_64-linux-gnu/libflann_cpp.so  
[1.303s] -- The imported target "vtkParseOGLExt" references the file
[1.303s]    "/usr/bin/vtkParseOGLExt-7.1"
[1.303s] but this file does not exist.  Possible reasons include:
[1.303s] * The file was deleted, renamed, or moved to another location.
[1.304s] * An install or uninstall procedure did not complete successfully.
[1.304s] * The installation package was faulty and contained
[1.304s]    "/usr/lib/cmake/vtk-7.1/VTKTargets.cmake"
[1.304s] but not all the files it references.
[1.304s] 
[1.306s] -- The imported target "vtkRenderingPythonTkWidgets" references the file
[1.306s]    "/usr/lib/x86_64-linux-gnu/libvtkRenderingPythonTkWidgets.so"
[1.306s] but this file does not exist.  Possible reasons include:
[1.306s] * The file was deleted, renamed, or moved to another location.
[1.307s] * An install or uninstall procedure did not complete successfully.
[1.307s] * The installation package was faulty and contained
[1.307s]    "/usr/lib/cmake/vtk-7.1/VTKTargets.cmake"
[1.307s] but not all the files it references.
[1.307s] 
[1.310s] -- The imported target "vtk" references the file
[1.310s]    "/usr/bin/vtk"
[1.310s] but this file does not exist.  Possible reasons include:
[1.310s] * The file was deleted, renamed, or moved to another location.
[1.310s] * An install or uninstall procedure did not complete successfully.
[1.310s] * The installation package was faulty and contained
[1.311s]    "/usr/lib/cmake/vtk-7.1/VTKTargets.cmake"
[1.311s] but not all the files it references.
[1.311s] 
[1.321s] -- The imported target "pvtk" references the file
[1.321s]    "/usr/bin/pvtk"
[1.322s] but this file does not exist.  Possible reasons include:
[1.322s] * The file was deleted, renamed, or moved to another location.
[1.322s] * An install or uninstall procedure did not complete successfully.
[1.322s] * The installation package was faulty and contained
[1.322s]    "/usr/lib/cmake/vtk-7.1/VTKTargets.cmake"
[1.322s] but not all the files it references.
[1.322s] 
[1.384s] -- Checking for module 'libusb-1.0'
[1.390s] --   No package 'libusb-1.0' found
[1.394s] -- Could NOT find USB_10 (missing: USB_10_LIBRARY USB_10_INCLUDE_DIR) 
[1.394s] -- OpenNI disabled because libusb-1.0 not found.
[1.396s] ** WARNING ** io features related to openni will be disabled
[1.403s] -- Checking for module 'libusb-1.0'
[1.407s] --   No package 'libusb-1.0' found
[1.413s] -- Could NOT find USB_10 (missing: USB_10_LIBRARY USB_10_INCLUDE_DIR) 
[1.413s] -- OpenNI 2 disabled because libusb-1.0 not found.
[1.414s] ** WARNING ** io features related to openni2 will be disabled
[1.414s] ** WARNING ** io features related to pcap will be disabled
[1.414s] ** WARNING ** io features related to png will be disabled
[1.436s] -- LIBUSB_1_LIBRARY (missing: LIBUSB_1_INCLUDE_DIR) 
[1.436s] ** WARNING ** io features related to libusb-1.0 will be disabled
[1.443s] -- Checking for module 'libusb-1.0'
[1.448s] --   No package 'libusb-1.0' found
[1.451s] -- Could NOT find USB_10 (missing: USB_10_LIBRARY USB_10_INCLUDE_DIR) 
[1.452s] -- OpenNI disabled because libusb-1.0 not found.
[1.452s] ** WARNING ** visualization features related to openni will be disabled
[1.458s] -- Checking for module 'libusb-1.0'
[1.462s] --   No package 'libusb-1.0' found
[1.466s] -- Could NOT find USB_10 (missing: USB_10_LIBRARY USB_10_INCLUDE_DIR) 
[1.466s] -- OpenNI 2 disabled because libusb-1.0 not found.
[1.467s] ** WARNING ** visualization features related to openni2 will be disabled
[1.507s] -- Found Qhull: optimized;/usr/lib/x86_64-linux-gnu/libqhull.so;debug;/usr/lib/x86_64-linux-gnu/libqhull.so  
[1.507s] -- QHULL found (include: /usr/include, lib: optimized;/usr/lib/x86_64-linux-gnu/libqhull.so;debug;/usr/lib/x86_64-linux-gnu/libqhull.so)
[1.514s] -- Checking for module 'libusb-1.0'
[1.518s] --   No package 'libusb-1.0' found
[1.525s] -- Could NOT find USB_10 (missing: USB_10_LIBRARY USB_10_INCLUDE_DIR) 
[1.525s] -- OpenNI disabled because libusb-1.0 not found.
[1.525s] ** WARNING ** apps features related to openni will be disabled
[1.543s] -- looking for PCL_COMMON
[1.544s] -- Found PCL_COMMON: /usr/lib/x86_64-linux-gnu/libpcl_common.so  
[1.545s] -- looking for PCL_KDTREE
[1.547s] -- Found PCL_KDTREE: /usr/lib/x86_64-linux-gnu/libpcl_kdtree.so  
[1.547s] -- looking for PCL_OCTREE
[1.549s] -- Found PCL_OCTREE: /usr/lib/x86_64-linux-gnu/libpcl_octree.so  
[1.549s] -- looking for PCL_SEARCH
[1.550s] -- Found PCL_SEARCH: /usr/lib/x86_64-linux-gnu/libpcl_search.so  
[1.551s] -- looking for PCL_SAMPLE_CONSENSUS
[1.552s] -- Found PCL_SAMPLE_CONSENSUS: /usr/lib/x86_64-linux-gnu/libpcl_sample_consensus.so  
[1.553s] -- looking for PCL_FILTERS
[1.555s] -- Found PCL_FILTERS: /usr/lib/x86_64-linux-gnu/libpcl_filters.so  
[1.556s] -- looking for PCL_2D
[1.556s] -- Found PCL_2D: /usr/include/pcl-1.10  
[1.557s] -- looking for PCL_GEOMETRY
[1.557s] -- Found PCL_GEOMETRY: /usr/include/pcl-1.10  
[1.558s] -- looking for PCL_IO
[1.559s] -- Found PCL_IO: /usr/lib/x86_64-linux-gnu/libpcl_io.so  
[1.560s] -- looking for PCL_FEATURES
[1.561s] -- Found PCL_FEATURES: /usr/lib/x86_64-linux-gnu/libpcl_features.so  
[1.562s] -- looking for PCL_ML
[1.563s] -- Found PCL_ML: /usr/lib/x86_64-linux-gnu/libpcl_ml.so  
[1.564s] -- looking for PCL_SEGMENTATION
[1.565s] -- Found PCL_SEGMENTATION: /usr/lib/x86_64-linux-gnu/libpcl_segmentation.so  
[1.566s] -- looking for PCL_VISUALIZATION
[1.567s] -- Found PCL_VISUALIZATION: /usr/lib/x86_64-linux-gnu/libpcl_visualization.so  
[1.568s] -- looking for PCL_SURFACE
[1.569s] -- Found PCL_SURFACE: /usr/lib/x86_64-linux-gnu/libpcl_surface.so  
[1.570s] -- looking for PCL_REGISTRATION
[1.571s] -- Found PCL_REGISTRATION: /usr/lib/x86_64-linux-gnu/libpcl_registration.so  
[1.572s] -- looking for PCL_KEYPOINTS
[1.573s] -- Found PCL_KEYPOINTS: /usr/lib/x86_64-linux-gnu/libpcl_keypoints.so  
[1.574s] -- looking for PCL_TRACKING
[1.575s] -- Found PCL_TRACKING: /usr/lib/x86_64-linux-gnu/libpcl_tracking.so  
[1.576s] -- looking for PCL_RECOGNITION
[1.578s] -- Found PCL_RECOGNITION: /usr/lib/x86_64-linux-gnu/libpcl_recognition.so  
[1.578s] -- looking for PCL_STEREO
[1.580s] -- Found PCL_STEREO: /usr/lib/x86_64-linux-gnu/libpcl_stereo.so  
[1.580s] -- looking for PCL_APPS
[1.581s] -- Found PCL_APPS: /usr/lib/x86_64-linux-gnu/libpcl_apps.so  
[1.583s] -- looking for PCL_IN_HAND_SCANNER
[1.583s] -- Found PCL_IN_HAND_SCANNER: /usr/include/pcl-1.10  
[1.584s] -- looking for PCL_POINT_CLOUD_EDITOR
[1.587s] -- Found PCL_POINT_CLOUD_EDITOR: /usr/include/pcl-1.10  
[1.588s] -- looking for PCL_OUTOFCORE
[1.589s] -- Found PCL_OUTOFCORE: /usr/lib/x86_64-linux-gnu/libpcl_outofcore.so  
[1.590s] -- looking for PCL_PEOPLE
[1.591s] -- Found PCL_PEOPLE: /usr/lib/x86_64-linux-gnu/libpcl_people.so  
[1.593s] -- Found PCL: pcl_common;pcl_kdtree;pcl_octree;pcl_search;pcl_sample_consensus;pcl_filters;pcl_io;pcl_features;pcl_ml;pcl_segmentation;pcl_visualization;pcl_surface;pcl_registration;pcl_keypoints;pcl_tracking;pcl_recognition;pcl_stereo;pcl_apps;pcl_outofcore;pcl_people;/usr/lib/x86_64-linux-gnu/libboost_system.so;/usr/lib/x86_64-linux-gnu/libboost_filesystem.so;/usr/lib/x86_64-linux-gnu/libboost_date_time.so;/usr/lib/x86_64-linux-gnu/libboost_iostreams.so;/usr/lib/x86_64-linux-gnu/libboost_regex.so;optimized;/usr/lib/x86_64-linux-gnu/libqhull.so;debug;/usr/lib/x86_64-linux-gnu/libqhull.so;vtkChartsCore;vtkCommonColor;vtkCommonCore;vtksys;vtkCommonDataModel;vtkCommonMath;vtkCommonMisc;vtkCommonSystem;vtkCommonTransforms;vtkCommonExecutionModel;vtkFiltersGeneral;vtkCommonComputationalGeometry;vtkFiltersCore;vtkInfovisCore;vtkFiltersExtraction;vtkFiltersStatistics;vtkImagingFourier;vtkImagingCore;vtkalglib;vtkRenderingContext2D;vtkRenderingCore;vtkFiltersGeometry;vtkFiltersSources;vtkRenderingFreeType;/usr/lib/x86_64-linux-gnu/libfreetype.so;/usr/lib/x86_64-linux-gnu/libz.so;vtkFiltersModeling;vtkImagingSources;vtkInteractionStyle;vtkInteractionWidgets;vtkFiltersHybrid;vtkImagingColor;vtkImagingGeneral;vtkImagingHybrid;vtkIOImage;vtkDICOMParser;vtkmetaio;/usr/lib/x86_64-linux-gnu/libjpeg.so;/usr/lib/x86_64-linux-gnu/libpng.so;/usr/lib/x86_64-linux-gnu/libtiff.so;vtkRenderingAnnotation;vtkRenderingVolume;vtkIOXML;vtkIOCore;vtkIOXMLParser;/usr/lib/x86_64-linux-gnu/libexpat.so;vtkIOGeometry;vtkIOLegacy;vtkIOPLY;vtkRenderingLOD;vtkViewsContext2D;vtkViewsCore;vtkRenderingContextOpenGL2;vtkRenderingOpenGL2;FLANN::FLANN (Required is at least version "1.8") 
[1.627s] -- Found OpenCV: /usr (found version "4.2.0") 
[1.726s] -- Configuring done
[1.742s] -- Generating done
[1.745s] -- Build files have been written to: /home/robohub/dev_ws/src/vision_3d_test/build/vision_3d_test
[1.784s] [35m[1mScanning dependencies of target cpp_executable[0m
[1.810s] [ 25%] [32mBuilding CXX object CMakeFiles/cpp_executable.dir/src/GetData.cpp.o[0m
[1.813s] [ 25%] [32mBuilding CXX object CMakeFiles/cpp_executable.dir/src/GetRoi.cpp.o[0m
[1.885s] In file included from [01m[K/home/robohub/dev_ws/src/vision_3d_test/src/GetRoi.cpp:1[m[K:
[1.885s] [01m[K/home/robohub/dev_ws/src/vision_3d_test/include/GetRoi.h:5:10:[m[K [01;31m[Kfatal error: [m[Kopencv2/opencv.hpp: No such file or directory
[1.885s]     5 | #include [01;31m[K<opencv2/opencv.hpp>[m[K
[1.885s]       |          [01;31m[K^~~~~~~~~~~~~~~~~~~~[m[K
[1.885s] compilation terminated.
[1.891s] make[2]: *** [CMakeFiles/cpp_executable.dir/build.make:76: CMakeFiles/cpp_executable.dir/src/GetRoi.cpp.o] Error 1
[1.893s] make[2]: *** Waiting for unfinished jobs....
[1.923s] In file included from [01m[K/home/robohub/dev_ws/src/vision_3d_test/src/GetData.cpp:1[m[K:
[1.923s] [01m[K/home/robohub/dev_ws/src/vision_3d_test/include/GetData.h:5:10:[m[K [01;31m[Kfatal error: [m[Kpcl/io/pcd_io.h: No such file or directory
[1.924s]     5 | #include [01;31m[K<pcl/io/pcd_io.h>[m[K
[1.924s]       |          [01;31m[K^~~~~~~~~~~~~~~~~[m[K
[1.924s] compilation terminated.
[1.928s] make[2]: *** [CMakeFiles/cpp_executable.dir/build.make:63: CMakeFiles/cpp_executable.dir/src/GetData.cpp.o] Error 1
[1.928s] make[1]: *** [CMakeFiles/Makefile2:78: CMakeFiles/cpp_executable.dir/all] Error 2
[1.929s] make: *** [Makefile:141: all] Error 2
[1.930s] Invoked command in '/home/robohub/dev_ws/src/vision_3d_test/build/vision_3d_test' returned '2': /usr/bin/cmake --build /home/robohub/dev_ws/src/vision_3d_test/build/vision_3d_test -- -j2 -l2
